<?xml version="1.0" encoding="UTF-8"?>
<coverage generated="1720980701357" clover="3.2.0">
  <project timestamp="1720980701357" name="All files">
    <metrics statements="59" coveredstatements="58" conditionals="10" coveredconditionals="8" methods="22" coveredmethods="21" elements="91" coveredelements="87" complexity="0" loc="59" ncloc="59" packages="1" files="3" classes="3"/>
    <file name="DetailedComponent.tsx" path="/Users/ted/Desktop/projects/epam/react-course/class-components/src/app/components/DetailedComponent.tsx">
      <metrics statements="27" coveredstatements="27" conditionals="2" coveredconditionals="2" methods="11" coveredmethods="11"/>
      <line num="1" count="1" type="stmt"/>
      <line num="2" count="1" type="stmt"/>
      <line num="9" count="1" type="stmt"/>
      <line num="10" count="15" type="stmt"/>
      <line num="11" count="15" type="stmt"/>
      <line num="12" count="15" type="stmt"/>
      <line num="13" count="15" type="stmt"/>
      <line num="15" count="15" type="stmt"/>
      <line num="16" count="1" type="stmt"/>
      <line num="17" count="1" type="stmt"/>
      <line num="20" count="15" type="stmt"/>
      <line num="21" count="5" type="stmt"/>
      <line num="22" count="5" type="stmt"/>
      <line num="23" count="4" type="stmt"/>
      <line num="24" count="4" type="stmt"/>
      <line num="25" count="4" type="stmt"/>
      <line num="26" count="4" type="stmt"/>
      <line num="28" count="1" type="stmt"/>
      <line num="30" count="4" type="stmt"/>
      <line num="33" count="1" type="stmt"/>
      <line num="34" count="1" type="stmt"/>
      <line num="38" count="15" type="cond" truecount="1" falsecount="0"/>
      <line num="39" count="5" type="stmt"/>
      <line num="42" count="10" type="cond" truecount="1" falsecount="0"/>
      <line num="43" count="6" type="stmt"/>
      <line num="46" count="4" type="stmt"/>
      <line num="48" count="1" type="stmt"/>
    </file>
    <file name="ResultsComponent.tsx" path="/Users/ted/Desktop/projects/epam/react-course/class-components/src/app/components/ResultsComponent.tsx">
      <metrics statements="4" coveredstatements="4" conditionals="4" coveredconditionals="3" methods="3" coveredmethods="3"/>
      <line num="1" count="2" type="stmt"/>
      <line num="13" count="2" type="stmt"/>
      <line num="14" count="4" type="stmt"/>
      <line num="20" count="4" type="stmt"/>
    </file>
    <file name="SearchComponent.tsx" path="/Users/ted/Desktop/projects/epam/react-course/class-components/src/app/components/SearchComponent.tsx">
      <metrics statements="28" coveredstatements="27" conditionals="4" coveredconditionals="3" methods="8" coveredmethods="7"/>
      <line num="1" count="2" type="stmt"/>
      <line num="2" count="2" type="stmt"/>
      <line num="9" count="2" type="stmt"/>
      <line num="10" count="10" type="stmt"/>
      <line num="13" count="10" type="stmt"/>
      <line num="14" count="10" type="stmt"/>
      <line num="16" count="10" type="stmt"/>
      <line num="17" count="5" type="stmt"/>
      <line num="19" count="5" type="stmt"/>
      <line num="20" count="5" type="stmt"/>
      <line num="24" count="10" type="stmt"/>
      <line num="25" count="1" type="stmt"/>
      <line num="28" count="10" type="stmt"/>
      <line num="29" count="1" type="stmt"/>
      <line num="30" count="1" type="stmt"/>
      <line num="33" count="10" type="stmt"/>
      <line num="34" count="2" type="stmt"/>
      <line num="35" count="2" type="stmt"/>
      <line num="36" count="2" type="stmt"/>
      <line num="37" count="2" type="stmt"/>
      <line num="40" count="10" type="stmt"/>
      <line num="41" count="2" type="cond" truecount="1" falsecount="1"/>
      <line num="42" count="2" type="stmt"/>
      <line num="43" count="2" type="stmt"/>
      <line num="44" count="2" type="stmt"/>
      <line num="47" count="10" type="stmt"/>
      <line num="48" count="0" type="stmt"/>
      <line num="51" count="10" type="stmt"/>
    </file>
  </project>
</coverage>
