{"/Users/ted/Desktop/projects/epam/react-course/class-components/src/app/components/details/DetailedComponent.tsx": {"path":"/Users/ted/Desktop/projects/epam/react-course/class-components/src/app/components/details/DetailedComponent.tsx","statementMap":{"0":{"start":{"line":1,"column":0},"end":{"line":1,"column":26}},"1":{"start":{"line":2,"column":0},"end":{"line":2,"column":58}},"2":{"start":{"line":3,"column":0},"end":{"line":3,"column":63}},"3":{"start":{"line":8,"column":41},"end":{"line":39,"column":1}},"4":{"start":{"line":9,"column":27},"end":{"line":9,"column":72}},"5":{"start":{"line":10,"column":23},"end":{"line":10,"column":37}},"6":{"start":{"line":11,"column":17},"end":{"line":11,"column":25}},"7":{"start":{"line":12,"column":42},"end":{"line":12,"column":100}},"8":{"start":{"line":13,"column":19},"end":{"line":13,"column":32}},"9":{"start":{"line":15,"column":2},"end":{"line":15,"column":45}},"10":{"start":{"line":15,"column":13},"end":{"line":15,"column":45}},"11":{"start":{"line":17,"column":18},"end":{"line":24,"column":3}},"12":{"start":{"line":18,"column":17},"end":{"line":18,"column":81}},"13":{"start":{"line":19,"column":4},"end":{"line":23,"column":7}},"14":{"start":{"line":20,"column":8},"end":{"line":21,"column":null}},"15":{"start":{"line":26,"column":2},"end":{"line":38,"column":4}},"16":{"start":{"line":28,"column":31},"end":{"line":28,"column":43}},"17":{"start":{"line":8,"column":13},"end":{"line":8,"column":41}}},"fnMap":{"0":{"name":"(anonymous_1)","decl":{"start":{"line":8,"column":41},"end":{"line":8,"column":44}},"loc":{"start":{"line":8,"column":46},"end":{"line":39,"column":1}}},"1":{"name":"(anonymous_2)","decl":{"start":{"line":17,"column":18},"end":{"line":17,"column":21}},"loc":{"start":{"line":17,"column":23},"end":{"line":24,"column":3}}},"2":{"name":"(anonymous_3)","decl":{"start":{"line":19,"column":20},"end":{"line":19,"column":21}},"loc":{"start":{"line":20,"column":8},"end":{"line":21,"column":null}}},"3":{"name":"(anonymous_4)","decl":{"start":{"line":28,"column":25},"end":{"line":28,"column":28}},"loc":{"start":{"line":28,"column":31},"end":{"line":28,"column":43}}}},"branchMap":{"0":{"loc":{"start":{"line":10,"column":23},"end":{"line":10,"column":37}},"type":"binary-expr","locations":[{"start":{"line":10,"column":23},"end":{"line":10,"column":31}},{"start":{"line":10,"column":35},"end":{"line":10,"column":37}}]},"1":{"loc":{"start":{"line":11,"column":17},"end":{"line":11,"column":25}},"type":"binary-expr","locations":[{"start":{"line":11,"column":17},"end":{"line":11,"column":19}},{"start":{"line":11,"column":23},"end":{"line":11,"column":25}}]},"2":{"loc":{"start":{"line":15,"column":2},"end":{"line":15,"column":45}},"type":"if","locations":[{"start":{"line":15,"column":2},"end":{"line":15,"column":45}}]},"3":{"loc":{"start":{"line":29,"column":9},"end":{"line":35,"column":null}},"type":"cond-expr","locations":[{"start":{"line":30,"column":12},"end":{"line":30,"column":50}},{"start":{"line":32,"column":12},"end":{"line":34,"column":null}}]},"4":{"loc":{"start":{"line":29,"column":9},"end":{"line":29,"column":32}},"type":"binary-expr","locations":[{"start":{"line":29,"column":9},"end":{"line":29,"column":18}},{"start":{"line":29,"column":22},"end":{"line":29,"column":32}}]},"5":{"loc":{"start":{"line":33,"column":15},"end":{"line":33,"column":55}},"type":"binary-expr","locations":[{"start":{"line":33,"column":16},"end":{"line":33,"column":30}},{"start":{"line":33,"column":35},"end":{"line":33,"column":55}}]}},"s":{"0":1,"1":1,"2":1,"3":1,"4":1,"5":1,"6":1,"7":1,"8":1,"9":1,"10":0,"11":1,"12":1,"13":1,"14":17,"15":1,"16":0,"17":1},"f":{"0":1,"1":1,"2":17,"3":0},"b":{"0":[1,0],"1":[1,0],"2":[0],"3":[0,1],"4":[1,1],"5":[1,1]}}
,"/Users/ted/Desktop/projects/epam/react-course/class-components/src/app/components/flyout/FlyoutComponent.tsx": {"path":"/Users/ted/Desktop/projects/epam/react-course/class-components/src/app/components/flyout/FlyoutComponent.tsx","statementMap":{"0":{"start":{"line":1,"column":0},"end":{"line":1,"column":26}},"1":{"start":{"line":2,"column":0},"end":{"line":2,"column":55}},"2":{"start":{"line":3,"column":0},"end":{"line":3,"column":50}},"3":{"start":{"line":4,"column":0},"end":{"line":4,"column":50}},"4":{"start":{"line":10,"column":41},"end":{"line":40,"column":1}},"5":{"start":{"line":11,"column":16},"end":{"line":11,"column":102}},"6":{"start":{"line":11,"column":84},"end":{"line":11,"column":101}},"7":{"start":{"line":12,"column":19},"end":{"line":12,"column":32}},"8":{"start":{"line":13,"column":22},"end":{"line":13,"column":59}},"9":{"start":{"line":15,"column":23},"end":{"line":26,"column":3}},"10":{"start":{"line":16,"column":17},"end":{"line":16,"column":35}},"11":{"start":{"line":18,"column":4},"end":{"line":25,"column":5}},"12":{"start":{"line":19,"column":6},"end":{"line":19,"column":74}},"13":{"start":{"line":20,"column":6},"end":{"line":23,"column":8}},"14":{"start":{"line":24,"column":6},"end":{"line":24,"column":34}},"15":{"start":{"line":28,"column":22},"end":{"line":30,"column":3}},"16":{"start":{"line":29,"column":4},"end":{"line":29,"column":25}},"17":{"start":{"line":32,"column":2},"end":{"line":39,"column":4}},"18":{"start":{"line":10,"column":13},"end":{"line":10,"column":41}}},"fnMap":{"0":{"name":"(anonymous_1)","decl":{"start":{"line":10,"column":41},"end":{"line":10,"column":44}},"loc":{"start":{"line":10,"column":46},"end":{"line":40,"column":1}}},"1":{"name":"(anonymous_2)","decl":{"start":{"line":11,"column":73},"end":{"line":11,"column":74}},"loc":{"start":{"line":11,"column":84},"end":{"line":11,"column":101}}},"2":{"name":"(anonymous_3)","decl":{"start":{"line":15,"column":23},"end":{"line":15,"column":26}},"loc":{"start":{"line":15,"column":28},"end":{"line":26,"column":3}}},"3":{"name":"(anonymous_4)","decl":{"start":{"line":28,"column":22},"end":{"line":28,"column":25}},"loc":{"start":{"line":28,"column":27},"end":{"line":30,"column":3}}}},"branchMap":{"0":{"loc":{"start":{"line":18,"column":4},"end":{"line":25,"column":5}},"type":"if","locations":[{"start":{"line":18,"column":4},"end":{"line":25,"column":5}}]}},"s":{"0":1,"1":1,"2":1,"3":1,"4":1,"5":2,"6":4,"7":2,"8":2,"9":2,"10":1,"11":1,"12":1,"13":1,"14":1,"15":2,"16":1,"17":2,"18":1},"f":{"0":2,"1":4,"2":1,"3":1},"b":{"0":[1]}}
,"/Users/ted/Desktop/projects/epam/react-course/class-components/src/app/components/header/SearchComponent.tsx": {"path":"/Users/ted/Desktop/projects/epam/react-course/class-components/src/app/components/header/SearchComponent.tsx","statementMap":{"0":{"start":{"line":1,"column":0},"end":{"line":1,"column":53}},"1":{"start":{"line":2,"column":0},"end":{"line":2,"column":47}},"2":{"start":{"line":3,"column":0},"end":{"line":3,"column":54}},"3":{"start":{"line":4,"column":0},"end":{"line":4,"column":62}},"4":{"start":{"line":10,"column":48},"end":{"line":76,"column":1}},"5":{"start":{"line":11,"column":38},"end":{"line":11,"column":49}},"6":{"start":{"line":12,"column":28},"end":{"line":12,"column":61}},"7":{"start":{"line":13,"column":16},"end":{"line":13,"column":26}},"8":{"start":{"line":14,"column":19},"end":{"line":14,"column":32}},"9":{"start":{"line":16,"column":28},"end":{"line":18,"column":3}},"10":{"start":{"line":17,"column":4},"end":{"line":17,"column":33}},"11":{"start":{"line":20,"column":23},"end":{"line":23,"column":3}},"12":{"start":{"line":21,"column":4},"end":{"line":21,"column":32}},"13":{"start":{"line":22,"column":4},"end":{"line":22,"column":64}},"14":{"start":{"line":25,"column":21},"end":{"line":30,"column":3}},"15":{"start":{"line":26,"column":21},"end":{"line":26,"column":35}},"16":{"start":{"line":27,"column":4},"end":{"line":27,"column":28}},"17":{"start":{"line":28,"column":4},"end":{"line":28,"column":30}},"18":{"start":{"line":29,"column":4},"end":{"line":29,"column":62}},"19":{"start":{"line":32,"column":21},"end":{"line":37,"column":3}},"20":{"start":{"line":33,"column":21},"end":{"line":33,"column":35}},"21":{"start":{"line":34,"column":4},"end":{"line":34,"column":28}},"22":{"start":{"line":35,"column":4},"end":{"line":35,"column":30}},"23":{"start":{"line":36,"column":4},"end":{"line":36,"column":62}},"24":{"start":{"line":39,"column":21},"end":{"line":41,"column":3}},"25":{"start":{"line":40,"column":4},"end":{"line":40,"column":46}},"26":{"start":{"line":43,"column":22},"end":{"line":47,"column":3}},"27":{"start":{"line":44,"column":4},"end":{"line":46,"column":5}},"28":{"start":{"line":45,"column":6},"end":{"line":45,"column":26}},"29":{"start":{"line":49,"column":2},"end":{"line":75,"column":4}},"30":{"start":{"line":10,"column":13},"end":{"line":10,"column":48}}},"fnMap":{"0":{"name":"(anonymous_6)","decl":{"start":{"line":10,"column":48},"end":{"line":10,"column":49}},"loc":{"start":{"line":10,"column":65},"end":{"line":76,"column":1}}},"1":{"name":"(anonymous_7)","decl":{"start":{"line":16,"column":28},"end":{"line":16,"column":29}},"loc":{"start":{"line":16,"column":69},"end":{"line":18,"column":3}}},"2":{"name":"(anonymous_8)","decl":{"start":{"line":20,"column":23},"end":{"line":20,"column":26}},"loc":{"start":{"line":20,"column":28},"end":{"line":23,"column":3}}},"3":{"name":"(anonymous_9)","decl":{"start":{"line":25,"column":21},"end":{"line":25,"column":24}},"loc":{"start":{"line":25,"column":26},"end":{"line":30,"column":3}}},"4":{"name":"(anonymous_10)","decl":{"start":{"line":32,"column":21},"end":{"line":32,"column":24}},"loc":{"start":{"line":32,"column":26},"end":{"line":37,"column":3}}},"5":{"name":"(anonymous_11)","decl":{"start":{"line":39,"column":21},"end":{"line":39,"column":24}},"loc":{"start":{"line":39,"column":26},"end":{"line":41,"column":3}}},"6":{"name":"(anonymous_12)","decl":{"start":{"line":43,"column":22},"end":{"line":43,"column":25}},"loc":{"start":{"line":43,"column":27},"end":{"line":47,"column":3}}}},"branchMap":{"0":{"loc":{"start":{"line":22,"column":17},"end":{"line":22,"column":41}},"type":"cond-expr","locations":[{"start":{"line":22,"column":25},"end":{"line":22,"column":30}},{"start":{"line":22,"column":33},"end":{"line":22,"column":41}}]},"1":{"loc":{"start":{"line":29,"column":17},"end":{"line":29,"column":41}},"type":"cond-expr","locations":[{"start":{"line":29,"column":25},"end":{"line":29,"column":30}},{"start":{"line":29,"column":33},"end":{"line":29,"column":41}}]},"2":{"loc":{"start":{"line":36,"column":17},"end":{"line":36,"column":41}},"type":"cond-expr","locations":[{"start":{"line":36,"column":25},"end":{"line":36,"column":30}},{"start":{"line":36,"column":33},"end":{"line":36,"column":41}}]},"3":{"loc":{"start":{"line":44,"column":4},"end":{"line":46,"column":5}},"type":"if","locations":[{"start":{"line":44,"column":4},"end":{"line":46,"column":5}}]}},"s":{"0":1,"1":1,"2":1,"3":1,"4":1,"5":10,"6":10,"7":10,"8":10,"9":10,"10":2,"11":10,"12":0,"13":0,"14":10,"15":1,"16":1,"17":1,"18":1,"19":10,"20":3,"21":3,"22":3,"23":3,"24":10,"25":0,"26":10,"27":1,"28":1,"29":10,"30":1},"f":{"0":10,"1":2,"2":0,"3":1,"4":3,"5":0,"6":1},"b":{"0":[0,0],"1":[1,0],"2":[3,0],"3":[1]}}
,"/Users/ted/Desktop/projects/epam/react-course/class-components/src/app/components/result/ResultsComponent.tsx": {"path":"/Users/ted/Desktop/projects/epam/react-course/class-components/src/app/components/result/ResultsComponent.tsx","statementMap":{"0":{"start":{"line":1,"column":0},"end":{"line":1,"column":26}},"1":{"start":{"line":2,"column":0},"end":{"line":2,"column":42}},"2":{"start":{"line":3,"column":0},"end":{"line":3,"column":55}},"3":{"start":{"line":4,"column":0},"end":{"line":4,"column":61}},"4":{"start":{"line":15,"column":49},"end":{"line":71,"column":1}},"5":{"start":{"line":16,"column":21},"end":{"line":16,"column":107}},"6":{"start":{"line":16,"column":89},"end":{"line":16,"column":106}},"7":{"start":{"line":17,"column":19},"end":{"line":17,"column":32}},"8":{"start":{"line":19,"column":26},"end":{"line":27,"column":3}},"9":{"start":{"line":23,"column":4},"end":{"line":23,"column":28}},"10":{"start":{"line":24,"column":23},"end":{"line":24,"column":62}},"11":{"start":{"line":25,"column":23},"end":{"line":25,"column":124}},"12":{"start":{"line":25,"column":76},"end":{"line":25,"column":123}},"13":{"start":{"line":26,"column":4},"end":{"line":26,"column":70}},"14":{"start":{"line":29,"column":29},"end":{"line":32,"column":3}},"15":{"start":{"line":30,"column":23},"end":{"line":30,"column":62}},"16":{"start":{"line":31,"column":4},"end":{"line":31,"column":115}},"17":{"start":{"line":31,"column":66},"end":{"line":31,"column":113}},"18":{"start":{"line":34,"column":30},"end":{"line":40,"column":3}},"19":{"start":{"line":38,"column":4},"end":{"line":38,"column":71}},"20":{"start":{"line":38,"column":64},"end":{"line":38,"column":71}},"21":{"start":{"line":39,"column":4},"end":{"line":39,"column":23}},"22":{"start":{"line":42,"column":2},"end":{"line":42,"column":null}},"23":{"start":{"line":42,"column":27},"end":{"line":42,"column":null}},"24":{"start":{"line":44,"column":21},"end":{"line":44,"column":39}},"25":{"start":{"line":46,"column":2},"end":{"line":70,"column":4}},"26":{"start":{"line":51,"column":18},"end":{"line":63,"column":null}},"27":{"start":{"line":53,"column":42},"end":{"line":53,"column":74}},"28":{"start":{"line":58,"column":41},"end":{"line":58,"column":65}},"29":{"start":{"line":66,"column":40},"end":{"line":66,"column":64}},"30":{"start":{"line":15,"column":13},"end":{"line":15,"column":49}}},"fnMap":{"0":{"name":"(anonymous_1)","decl":{"start":{"line":15,"column":49},"end":{"line":15,"column":50}},"loc":{"start":{"line":15,"column":77},"end":{"line":71,"column":1}}},"1":{"name":"(anonymous_2)","decl":{"start":{"line":16,"column":78},"end":{"line":16,"column":79}},"loc":{"start":{"line":16,"column":89},"end":{"line":16,"column":106}}},"2":{"name":"(anonymous_3)","decl":{"start":{"line":19,"column":26},"end":{"line":19,"column":null}},"loc":{"start":{"line":22,"column":6},"end":{"line":27,"column":3}}},"3":{"name":"(anonymous_4)","decl":{"start":{"line":25,"column":39},"end":{"line":25,"column":40}},"loc":{"start":{"line":25,"column":76},"end":{"line":25,"column":123}}},"4":{"name":"(anonymous_5)","decl":{"start":{"line":29,"column":29},"end":{"line":29,"column":30}},"loc":{"start":{"line":29,"column":77},"end":{"line":32,"column":3}}},"5":{"name":"(anonymous_6)","decl":{"start":{"line":31,"column":29},"end":{"line":31,"column":30}},"loc":{"start":{"line":31,"column":66},"end":{"line":31,"column":113}}},"6":{"name":"(anonymous_7)","decl":{"start":{"line":34,"column":30},"end":{"line":34,"column":null}},"loc":{"start":{"line":37,"column":6},"end":{"line":40,"column":3}}},"7":{"name":"(anonymous_8)","decl":{"start":{"line":50,"column":62},"end":{"line":50,"column":63}},"loc":{"start":{"line":51,"column":18},"end":{"line":63,"column":null}}},"8":{"name":"(anonymous_9)","decl":{"start":{"line":53,"column":31},"end":{"line":53,"column":32}},"loc":{"start":{"line":53,"column":42},"end":{"line":53,"column":74}}},"9":{"name":"(anonymous_10)","decl":{"start":{"line":58,"column":34},"end":{"line":58,"column":35}},"loc":{"start":{"line":58,"column":41},"end":{"line":58,"column":65}}},"10":{"name":"(anonymous_11)","decl":{"start":{"line":66,"column":31},"end":{"line":66,"column":32}},"loc":{"start":{"line":66,"column":40},"end":{"line":66,"column":64}}}},"branchMap":{"0":{"loc":{"start":{"line":24,"column":23},"end":{"line":24,"column":62}},"type":"cond-expr","locations":[{"start":{"line":24,"column":40},"end":{"line":24,"column":49}},{"start":{"line":24,"column":52},"end":{"line":24,"column":62}}]},"1":{"loc":{"start":{"line":25,"column":77},"end":{"line":25,"column":107}},"type":"cond-expr","locations":[{"start":{"line":25,"column":91},"end":{"line":25,"column":97}},{"start":{"line":25,"column":100},"end":{"line":25,"column":107}}]},"2":{"loc":{"start":{"line":26,"column":4},"end":{"line":26,"column":69}},"type":"cond-expr","locations":[{"start":{"line":26,"column":17},"end":{"line":26,"column":43}},{"start":{"line":26,"column":46},"end":{"line":26,"column":69}}]},"3":{"loc":{"start":{"line":30,"column":23},"end":{"line":30,"column":62}},"type":"cond-expr","locations":[{"start":{"line":30,"column":40},"end":{"line":30,"column":49}},{"start":{"line":30,"column":52},"end":{"line":30,"column":62}}]},"4":{"loc":{"start":{"line":31,"column":67},"end":{"line":31,"column":97}},"type":"cond-expr","locations":[{"start":{"line":31,"column":81},"end":{"line":31,"column":87}},{"start":{"line":31,"column":90},"end":{"line":31,"column":97}}]},"5":{"loc":{"start":{"line":38,"column":4},"end":{"line":38,"column":71}},"type":"if","locations":[{"start":{"line":38,"column":4},"end":{"line":38,"column":71}}]},"6":{"loc":{"start":{"line":42,"column":2},"end":{"line":42,"column":null}},"type":"if","locations":[{"start":{"line":42,"column":2},"end":{"line":42,"column":null}}]},"7":{"loc":{"start":{"line":49,"column":12},"end":{"line":66,"column":65}},"type":"cond-expr","locations":[{"start":{"line":50,"column":17},"end":{"line":65,"column":44}},{"start":{"line":66,"column":16},"end":{"line":66,"column":65}}]},"8":{"loc":{"start":{"line":50,"column":17},"end":{"line":65,"column":44}},"type":"cond-expr","locations":[{"start":{"line":50,"column":44},"end":{"line":65,"column":16}},{"start":{"line":65,"column":19},"end":{"line":65,"column":44}}]},"9":{"loc":{"start":{"line":63,"column":25},"end":{"line":63,"column":66}},"type":"cond-expr","locations":[{"start":{"line":63,"column":44},"end":{"line":63,"column":53}},{"start":{"line":63,"column":56},"end":{"line":63,"column":66}}]}},"s":{"0":2,"1":2,"2":2,"3":2,"4":2,"5":5,"6":10,"7":5,"8":5,"9":0,"10":0,"11":0,"12":0,"13":0,"14":5,"15":3,"16":3,"17":0,"18":5,"19":1,"20":0,"21":1,"22":5,"23":1,"24":4,"25":4,"26":3,"27":1,"28":0,"29":0,"30":2},"f":{"0":5,"1":10,"2":0,"3":0,"4":3,"5":0,"6":1,"7":3,"8":1,"9":0,"10":0},"b":{"0":[0,0],"1":[0,0],"2":[0,0],"3":[3,0],"4":[0,0],"5":[0],"6":[1],"7":[4,0],"8":[2,2],"9":[3,0]}}
,"/Users/ted/Desktop/projects/epam/react-course/class-components/src/app/csv/CsvCreate.tsx": {"path":"/Users/ted/Desktop/projects/epam/react-course/class-components/src/app/csv/CsvCreate.tsx","statementMap":{"0":{"start":{"line":5,"column":28},"end":{"line":28,"column":1}},"1":{"start":{"line":6,"column":2},"end":{"line":8,"column":3}},"2":{"start":{"line":7,"column":4},"end":{"line":7,"column":14}},"3":{"start":{"line":10,"column":18},"end":{"line":10,"column":38}},"4":{"start":{"line":12,"column":18},"end":{"line":25,"column":4}},"5":{"start":{"line":14,"column":4},"end":{"line":24,"column":17}},"6":{"start":{"line":15,"column":20},"end":{"line":15,"column":53}},"7":{"start":{"line":16,"column":6},"end":{"line":22,"column":7}},"8":{"start":{"line":18,"column":8},"end":{"line":18,"column":38}},"9":{"start":{"line":19,"column":13},"end":{"line":22,"column":7}},"10":{"start":{"line":21,"column":8},"end":{"line":21,"column":28}},"11":{"start":{"line":23,"column":6},"end":{"line":23,"column":18}},"12":{"start":{"line":27,"column":2},"end":{"line":27,"column":54}},"13":{"start":{"line":5,"column":13},"end":{"line":5,"column":28}},"14":{"start":{"line":30,"column":27},"end":{"line":33,"column":1}},"15":{"start":{"line":31,"column":18},"end":{"line":31,"column":36}},"16":{"start":{"line":32,"column":2},"end":{"line":32,"column":66}},"17":{"start":{"line":30,"column":13},"end":{"line":30,"column":27}}},"fnMap":{"0":{"name":"(anonymous_0)","decl":{"start":{"line":5,"column":28},"end":{"line":5,"column":29}},"loc":{"start":{"line":5,"column":71},"end":{"line":28,"column":1}}},"1":{"name":"(anonymous_1)","decl":{"start":{"line":12,"column":27},"end":{"line":12,"column":31}},"loc":{"start":{"line":12,"column":34},"end":{"line":25,"column":3}}},"2":{"name":"(anonymous_2)","decl":{"start":{"line":14,"column":23},"end":{"line":14,"column":29}},"loc":{"start":{"line":14,"column":32},"end":{"line":24,"column":5}}},"3":{"name":"(anonymous_3)","decl":{"start":{"line":30,"column":27},"end":{"line":30,"column":28}},"loc":{"start":{"line":30,"column":70},"end":{"line":33,"column":1}}}},"branchMap":{"0":{"loc":{"start":{"line":6,"column":2},"end":{"line":8,"column":3}},"type":"if","locations":[{"start":{"line":6,"column":2},"end":{"line":8,"column":3}}]},"1":{"loc":{"start":{"line":16,"column":6},"end":{"line":22,"column":7}},"type":"if","locations":[{"start":{"line":16,"column":6},"end":{"line":22,"column":7}},{"start":{"line":19,"column":13},"end":{"line":22,"column":7}}]},"2":{"loc":{"start":{"line":19,"column":13},"end":{"line":22,"column":7}},"type":"if","locations":[{"start":{"line":19,"column":13},"end":{"line":22,"column":7}}]},"3":{"loc":{"start":{"line":19,"column":17},"end":{"line":19,"column":54}},"type":"binary-expr","locations":[{"start":{"line":19,"column":17},"end":{"line":19,"column":36}},{"start":{"line":19,"column":40},"end":{"line":19,"column":54}}]}},"s":{"0":2,"1":3,"2":1,"3":2,"4":2,"5":2,"6":34,"7":34,"8":8,"9":26,"10":26,"11":0,"12":2,"13":2,"14":2,"15":2,"16":2,"17":2},"f":{"0":3,"1":2,"2":34,"3":2},"b":{"0":[1],"1":[8,26],"2":[26],"3":[26,26]}}
,"/Users/ted/Desktop/projects/epam/react-course/class-components/src/app/service/ItemService.tsx": {"path":"/Users/ted/Desktop/projects/epam/react-course/class-components/src/app/service/ItemService.tsx","statementMap":{"0":{"start":{"line":1,"column":0},"end":{"line":1,"column":73}},"1":{"start":{"line":6,"column":13},"end":{"line":17,"column":3}},"2":{"start":{"line":9,"column":25},"end":{"line":16,"column":4}},"3":{"start":{"line":11,"column":34},"end":{"line":11,"column":78}},"4":{"start":{"line":14,"column":35},"end":{"line":14,"column":56}},"5":{"start":{"line":19,"column":15},"end":{"line":19,"column":65}}},"fnMap":{"0":{"name":"(anonymous_0)","decl":{"start":{"line":9,"column":13},"end":{"line":9,"column":14}},"loc":{"start":{"line":9,"column":25},"end":{"line":16,"column":4}}},"1":{"name":"(anonymous_1)","decl":{"start":{"line":11,"column":13},"end":{"line":11,"column":14}},"loc":{"start":{"line":11,"column":34},"end":{"line":11,"column":78}}},"2":{"name":"(anonymous_2)","decl":{"start":{"line":14,"column":13},"end":{"line":14,"column":14}},"loc":{"start":{"line":14,"column":35},"end":{"line":14,"column":56}}}},"branchMap":{"0":{"loc":{"start":{"line":11,"column":34},"end":{"line":11,"column":78}},"type":"cond-expr","locations":[{"start":{"line":11,"column":41},"end":{"line":11,"column":65}},{"start":{"line":11,"column":68},"end":{"line":11,"column":78}}]}},"s":{"0":4,"1":4,"2":4,"3":1,"4":1,"5":4},"f":{"0":4,"1":1,"2":1},"b":{"0":[1,0]}}
,"/Users/ted/Desktop/projects/epam/react-course/class-components/src/app/slices/ItemSlice.tsx": {"path":"/Users/ted/Desktop/projects/epam/react-course/class-components/src/app/slices/ItemSlice.tsx","statementMap":{"0":{"start":{"line":1,"column":0},"end":{"line":1,"column":60}},"1":{"start":{"line":10,"column":32},"end":{"line":12,"column":2}},"2":{"start":{"line":14,"column":18},"end":{"line":31,"column":2}},"3":{"start":{"line":19,"column":6},"end":{"line":19,"column":39}},"4":{"start":{"line":22,"column":25},"end":{"line":22,"column":94}},"5":{"start":{"line":23,"column":6},"end":{"line":25,"column":8}},"6":{"start":{"line":24,"column":10},"end":{"line":24,"column":79}},"7":{"start":{"line":28,"column":6},"end":{"line":28,"column":29}},"8":{"start":{"line":33,"column":13},"end":{"line":33,"column":49}},"9":{"start":{"line":34,"column":0},"end":{"line":34,"column":33}}},"fnMap":{"0":{"name":"(anonymous_0)","decl":{"start":{"line":18,"column":4},"end":{"line":18,"column":11}},"loc":{"start":{"line":18,"column":70},"end":{"line":20,"column":5}}},"1":{"name":"(anonymous_1)","decl":{"start":{"line":21,"column":4},"end":{"line":21,"column":14}},"loc":{"start":{"line":21,"column":73},"end":{"line":26,"column":5}}},"2":{"name":"(anonymous_2)","decl":{"start":{"line":23,"column":39},"end":{"line":23,"column":43}},"loc":{"start":{"line":24,"column":10},"end":{"line":24,"column":79}}},"3":{"name":"(anonymous_3)","decl":{"start":{"line":27,"column":4},"end":{"line":27,"column":12}},"loc":{"start":{"line":27,"column":18},"end":{"line":29,"column":5}}}},"branchMap":{"0":{"loc":{"start":{"line":22,"column":25},"end":{"line":22,"column":94}},"type":"cond-expr","locations":[{"start":{"line":22,"column":52},"end":{"line":22,"column":71}},{"start":{"line":22,"column":74},"end":{"line":22,"column":94}}]},"1":{"loc":{"start":{"line":24,"column":10},"end":{"line":24,"column":79}},"type":"cond-expr","locations":[{"start":{"line":24,"column":27},"end":{"line":24,"column":51}},{"start":{"line":24,"column":54},"end":{"line":24,"column":79}}]}},"s":{"0":4,"1":4,"2":4,"3":5,"4":3,"5":3,"6":3,"7":2,"8":4,"9":4},"f":{"0":5,"1":3,"2":3,"3":2},"b":{"0":[2,1],"1":[2,1]}}
,"/Users/ted/Desktop/projects/epam/react-course/class-components/src/app/store/Store.tsx": {"path":"/Users/ted/Desktop/projects/epam/react-course/class-components/src/app/store/Store.tsx","statementMap":{"0":{"start":{"line":1,"column":0},"end":{"line":1,"column":50}},"1":{"start":{"line":2,"column":0},"end":{"line":2,"column":46}},"2":{"start":{"line":3,"column":0},"end":{"line":3,"column":50}},"3":{"start":{"line":5,"column":13},"end":{"line":12,"column":3}},"4":{"start":{"line":11,"column":4},"end":{"line":11,"column":54}}},"fnMap":{"0":{"name":"(anonymous_1)","decl":{"start":{"line":10,"column":14},"end":{"line":10,"column":15}},"loc":{"start":{"line":11,"column":4},"end":{"line":11,"column":54}}}},"branchMap":{},"s":{"0":1,"1":1,"2":1,"3":1,"4":1},"f":{"0":1},"b":{}}
,"/Users/ted/Desktop/projects/epam/react-course/class-components/src/tests/helpers/setupApiStore.ts": {"path":"/Users/ted/Desktop/projects/epam/react-course/class-components/src/tests/helpers/setupApiStore.ts","statementMap":{"0":{"start":{"line":1,"column":0},"end":{"line":1,"column":50}},"1":{"start":{"line":2,"column":0},"end":{"line":2,"column":57}},"2":{"start":{"line":4,"column":29},"end":{"line":12,"column":1}},"3":{"start":{"line":5,"column":18},"end":{"line":9,"column":6}},"4":{"start":{"line":8,"column":12},"end":{"line":8,"column":62}},"5":{"start":{"line":11,"column":4},"end":{"line":11,"column":17}},"6":{"start":{"line":4,"column":13},"end":{"line":4,"column":29}}},"fnMap":{"0":{"name":"(anonymous_0)","decl":{"start":{"line":4,"column":29},"end":{"line":4,"column":32}},"loc":{"start":{"line":4,"column":34},"end":{"line":12,"column":1}}},"1":{"name":"(anonymous_1)","decl":{"start":{"line":7,"column":20},"end":{"line":7,"column":21}},"loc":{"start":{"line":8,"column":12},"end":{"line":8,"column":62}}}},"branchMap":{},"s":{"0":2,"1":2,"2":2,"3":3,"4":3,"5":3,"6":2},"f":{"0":3,"1":3},"b":{}}
}
