{"/Users/ted/Desktop/projects/epam/react-course/class-components/src/app/components/DetailedComponent.tsx": {"path":"/Users/ted/Desktop/projects/epam/react-course/class-components/src/app/components/DetailedComponent.tsx","statementMap":{"0":{"start":{"line":1,"column":0},"end":{"line":1,"column":51}},"1":{"start":{"line":2,"column":0},"end":{"line":2,"column":58}},"2":{"start":{"line":9,"column":41},"end":{"line":53,"column":1}},"3":{"start":{"line":10,"column":29},"end":{"line":10,"column":74}},"4":{"start":{"line":11,"column":28},"end":{"line":11,"column":55}},"5":{"start":{"line":12,"column":34},"end":{"line":12,"column":49}},"6":{"start":{"line":13,"column":21},"end":{"line":13,"column":34}},"7":{"start":{"line":15,"column":25},"end":{"line":18,"column":6}},"8":{"start":{"line":15,"column":47},"end":{"line":18,"column":6}},"9":{"start":{"line":16,"column":25},"end":{"line":16,"column":41}},"10":{"start":{"line":17,"column":8},"end":{"line":17,"column":31}},"11":{"start":{"line":20,"column":4},"end":{"line":36,"column":23}},"12":{"start":{"line":21,"column":8},"end":{"line":21,"column":25}},"13":{"start":{"line":22,"column":8},"end":{"line":35,"column":15}},"14":{"start":{"line":23,"column":30},"end":{"line":23,"column":45}},"15":{"start":{"line":24,"column":33},"end":{"line":31,"column":14}},"16":{"start":{"line":25,"column":30},"end":{"line":25,"column":99}},"17":{"start":{"line":25,"column":80},"end":{"line":25,"column":97}},"18":{"start":{"line":26,"column":16},"end":{"line":29,"column":19}},"19":{"start":{"line":28,"column":45},"end":{"line":28,"column":55}},"20":{"start":{"line":30,"column":16},"end":{"line":30,"column":34}},"21":{"start":{"line":33,"column":16},"end":{"line":33,"column":62}},"22":{"start":{"line":34,"column":16},"end":{"line":34,"column":34}},"23":{"start":{"line":38,"column":4},"end":{"line":40,"column":5}},"24":{"start":{"line":39,"column":8},"end":{"line":39,"column":37}},"25":{"start":{"line":42,"column":4},"end":{"line":44,"column":5}},"26":{"start":{"line":43,"column":8},"end":{"line":43,"column":48}},"27":{"start":{"line":46,"column":4},"end":{"line":52,"column":6}},"28":{"start":{"line":48,"column":35},"end":{"line":48,"column":47}},"29":{"start":{"line":9,"column":13},"end":{"line":9,"column":41}}},"fnMap":{"0":{"name":"(anonymous_13)","decl":{"start":{"line":9,"column":41},"end":{"line":9,"column":44}},"loc":{"start":{"line":9,"column":46},"end":{"line":53,"column":1}}},"1":{"name":"(anonymous_14)","decl":{"start":{"line":15,"column":25},"end":{"line":15,"column":32}},"loc":{"start":{"line":15,"column":47},"end":{"line":18,"column":6}}},"2":{"name":"(anonymous_15)","decl":{"start":{"line":15,"column":47},"end":{"line":15,"column":null}},"loc":{"start":{"line":15,"column":47},"end":{"line":18,"column":5}}},"3":{"name":"(anonymous_16)","decl":{"start":{"line":20,"column":14},"end":{"line":20,"column":17}},"loc":{"start":{"line":20,"column":19},"end":{"line":36,"column":5}}},"4":{"name":"(anonymous_17)","decl":{"start":{"line":23,"column":18},"end":{"line":23,"column":26}},"loc":{"start":{"line":23,"column":30},"end":{"line":23,"column":45}}},"5":{"name":"(anonymous_18)","decl":{"start":{"line":24,"column":18},"end":{"line":24,"column":25}},"loc":{"start":{"line":24,"column":33},"end":{"line":31,"column":14}}},"6":{"name":"(anonymous_19)","decl":{"start":{"line":24,"column":33},"end":{"line":24,"column":null}},"loc":{"start":{"line":24,"column":33},"end":{"line":31,"column":13}}},"7":{"name":"(anonymous_20)","decl":{"start":{"line":25,"column":63},"end":{"line":25,"column":64}},"loc":{"start":{"line":25,"column":80},"end":{"line":25,"column":97}}},"8":{"name":"(anonymous_21)","decl":{"start":{"line":28,"column":37},"end":{"line":28,"column":41}},"loc":{"start":{"line":28,"column":45},"end":{"line":28,"column":55}}},"9":{"name":"(anonymous_22)","decl":{"start":{"line":32,"column":19},"end":{"line":32,"column":24}},"loc":{"start":{"line":32,"column":27},"end":{"line":35,"column":13}}},"10":{"name":"(anonymous_23)","decl":{"start":{"line":48,"column":29},"end":{"line":48,"column":32}},"loc":{"start":{"line":48,"column":35},"end":{"line":48,"column":47}}}},"branchMap":{"0":{"loc":{"start":{"line":38,"column":4},"end":{"line":40,"column":5}},"type":"if","locations":[{"start":{"line":38,"column":4},"end":{"line":40,"column":5}}]},"1":{"loc":{"start":{"line":42,"column":4},"end":{"line":44,"column":5}},"type":"if","locations":[{"start":{"line":42,"column":4},"end":{"line":44,"column":5}}]}},"s":{"0":1,"1":1,"2":1,"3":15,"4":15,"5":15,"6":15,"7":15,"8":1,"9":1,"10":1,"11":15,"12":5,"13":5,"14":4,"15":4,"16":4,"17":1,"18":4,"19":1,"20":4,"21":1,"22":1,"23":15,"24":5,"25":10,"26":6,"27":4,"28":1,"29":1},"f":{"0":15,"1":1,"2":1,"3":5,"4":4,"5":4,"6":4,"7":1,"8":1,"9":1,"10":1},"b":{"0":[5],"1":[6]}}
,"/Users/ted/Desktop/projects/epam/react-course/class-components/src/app/components/ResultsComponent.tsx": {"path":"/Users/ted/Desktop/projects/epam/react-course/class-components/src/app/components/ResultsComponent.tsx","statementMap":{"0":{"start":{"line":1,"column":0},"end":{"line":1,"column":26}},"1":{"start":{"line":13,"column":49},"end":{"line":27,"column":1}},"2":{"start":{"line":14,"column":2},"end":{"line":26,"column":4}},"3":{"start":{"line":20,"column":16},"end":{"line":21,"column":null}},"4":{"start":{"line":20,"column":48},"end":{"line":20,"column":66}},"5":{"start":{"line":13,"column":13},"end":{"line":13,"column":49}}},"fnMap":{"0":{"name":"(anonymous_1)","decl":{"start":{"line":13,"column":49},"end":{"line":13,"column":50}},"loc":{"start":{"line":13,"column":77},"end":{"line":27,"column":1}}},"1":{"name":"(anonymous_2)","decl":{"start":{"line":19,"column":22},"end":{"line":19,"column":23}},"loc":{"start":{"line":20,"column":16},"end":{"line":21,"column":null}}},"2":{"name":"(anonymous_3)","decl":{"start":{"line":20,"column":42},"end":{"line":20,"column":45}},"loc":{"start":{"line":20,"column":48},"end":{"line":20,"column":66}}}},"branchMap":{"0":{"loc":{"start":{"line":16,"column":9},"end":{"line":23,"column":null}},"type":"cond-expr","locations":[{"start":{"line":17,"column":12},"end":{"line":17,"column":37}},{"start":{"line":19,"column":12},"end":{"line":23,"column":14}}]},"1":{"loc":{"start":{"line":21,"column":23},"end":{"line":21,"column":66}},"type":"cond-expr","locations":[{"start":{"line":21,"column":50},"end":{"line":21,"column":54}},{"start":{"line":21,"column":57},"end":{"line":21,"column":66}}]}},"s":{"0":2,"1":2,"2":4,"3":4,"4":1,"5":2},"f":{"0":4,"1":4,"2":1},"b":{"0":[1,3],"1":[0,4]}}
,"/Users/ted/Desktop/projects/epam/react-course/class-components/src/app/components/SearchComponent.tsx": {"path":"/Users/ted/Desktop/projects/epam/react-course/class-components/src/app/components/SearchComponent.tsx","statementMap":{"0":{"start":{"line":1,"column":0},"end":{"line":1,"column":64}},"1":{"start":{"line":2,"column":0},"end":{"line":2,"column":47}},"2":{"start":{"line":9,"column":48},"end":{"line":86,"column":1}},"3":{"start":{"line":10,"column":38},"end":{"line":11,"column":null}},"4":{"start":{"line":13,"column":32},"end":{"line":13,"column":43}},"5":{"start":{"line":14,"column":19},"end":{"line":14,"column":32}},"6":{"start":{"line":16,"column":2},"end":{"line":22,"column":19}},"7":{"start":{"line":17,"column":4},"end":{"line":17,"column":51}},"8":{"start":{"line":19,"column":4},"end":{"line":21,"column":6}},"9":{"start":{"line":20,"column":6},"end":{"line":20,"column":53}},"10":{"start":{"line":24,"column":28},"end":{"line":26,"column":3}},"11":{"start":{"line":25,"column":4},"end":{"line":25,"column":38}},"12":{"start":{"line":28,"column":23},"end":{"line":31,"column":3}},"13":{"start":{"line":29,"column":4},"end":{"line":29,"column":37}},"14":{"start":{"line":30,"column":4},"end":{"line":30,"column":38}},"15":{"start":{"line":33,"column":21},"end":{"line":38,"column":3}},"16":{"start":{"line":34,"column":21},"end":{"line":34,"column":35}},"17":{"start":{"line":35,"column":4},"end":{"line":35,"column":22}},"18":{"start":{"line":36,"column":4},"end":{"line":36,"column":35}},"19":{"start":{"line":37,"column":4},"end":{"line":37,"column":55}},"20":{"start":{"line":40,"column":21},"end":{"line":45,"column":3}},"21":{"start":{"line":41,"column":21},"end":{"line":41,"column":56}},"22":{"start":{"line":42,"column":4},"end":{"line":42,"column":22}},"23":{"start":{"line":43,"column":4},"end":{"line":43,"column":35}},"24":{"start":{"line":44,"column":4},"end":{"line":44,"column":56}},"25":{"start":{"line":47,"column":21},"end":{"line":49,"column":3}},"26":{"start":{"line":48,"column":4},"end":{"line":48,"column":46}},"27":{"start":{"line":51,"column":2},"end":{"line":85,"column":4}},"28":{"start":{"line":9,"column":13},"end":{"line":9,"column":48}}},"fnMap":{"0":{"name":"(anonymous_6)","decl":{"start":{"line":9,"column":48},"end":{"line":9,"column":49}},"loc":{"start":{"line":9,"column":65},"end":{"line":86,"column":1}}},"1":{"name":"(anonymous_7)","decl":{"start":{"line":16,"column":12},"end":{"line":16,"column":15}},"loc":{"start":{"line":16,"column":17},"end":{"line":22,"column":3}}},"2":{"name":"(anonymous_8)","decl":{"start":{"line":19,"column":11},"end":{"line":19,"column":14}},"loc":{"start":{"line":19,"column":16},"end":{"line":21,"column":5}}},"3":{"name":"(anonymous_9)","decl":{"start":{"line":24,"column":28},"end":{"line":24,"column":29}},"loc":{"start":{"line":24,"column":69},"end":{"line":26,"column":3}}},"4":{"name":"(anonymous_10)","decl":{"start":{"line":28,"column":23},"end":{"line":28,"column":26}},"loc":{"start":{"line":28,"column":28},"end":{"line":31,"column":3}}},"5":{"name":"(anonymous_11)","decl":{"start":{"line":33,"column":21},"end":{"line":33,"column":24}},"loc":{"start":{"line":33,"column":26},"end":{"line":38,"column":3}}},"6":{"name":"(anonymous_12)","decl":{"start":{"line":40,"column":21},"end":{"line":40,"column":24}},"loc":{"start":{"line":40,"column":26},"end":{"line":45,"column":3}}},"7":{"name":"(anonymous_13)","decl":{"start":{"line":47,"column":21},"end":{"line":47,"column":24}},"loc":{"start":{"line":47,"column":26},"end":{"line":49,"column":3}}}},"branchMap":{"0":{"loc":{"start":{"line":11,"column":4},"end":{"line":11,"column":44}},"type":"binary-expr","locations":[{"start":{"line":11,"column":4},"end":{"line":11,"column":38}},{"start":{"line":11,"column":42},"end":{"line":11,"column":44}}]},"1":{"loc":{"start":{"line":41,"column":21},"end":{"line":41,"column":56}},"type":"cond-expr","locations":[{"start":{"line":41,"column":38},"end":{"line":41,"column":52}},{"start":{"line":41,"column":55},"end":{"line":41,"column":56}}]}},"s":{"0":2,"1":2,"2":2,"3":10,"4":10,"5":10,"6":10,"7":5,"8":5,"9":5,"10":10,"11":1,"12":10,"13":1,"14":1,"15":10,"16":2,"17":2,"18":2,"19":2,"20":10,"21":2,"22":2,"23":2,"24":2,"25":10,"26":0,"27":10,"28":2},"f":{"0":10,"1":5,"2":5,"3":1,"4":1,"5":2,"6":2,"7":0},"b":{"0":[10,5],"1":[2,0]}}
}
