TN:
SF:src/app/components/details/DetailedComponent.tsx
FN:8,(anonymous_1)
FN:17,(anonymous_2)
FN:19,(anonymous_3)
FN:28,(anonymous_4)
FNF:4
FNH:3
FNDA:1,(anonymous_1)
FNDA:1,(anonymous_2)
FNDA:17,(anonymous_3)
FNDA:0,(anonymous_4)
DA:1,1
DA:2,1
DA:3,1
DA:8,1
DA:9,1
DA:10,1
DA:11,1
DA:12,1
DA:13,1
DA:15,1
DA:17,1
DA:18,1
DA:19,1
DA:20,17
DA:26,1
DA:28,0
LF:16
LH:15
BRDA:10,0,0,1
BRDA:10,0,1,0
BRDA:11,1,0,1
BRDA:11,1,1,0
BRDA:15,2,0,0
BRDA:29,3,0,0
BRDA:29,3,1,1
BRDA:29,4,0,1
BRDA:29,4,1,1
BRDA:33,5,0,1
BRDA:33,5,1,1
BRF:11
BRH:7
end_of_record
TN:
SF:src/app/components/flyout/FlyoutComponent.tsx
FN:10,(anonymous_1)
FN:11,(anonymous_2)
FN:15,(anonymous_3)
FN:28,(anonymous_4)
FNF:4
FNH:4
FNDA:2,(anonymous_1)
FNDA:4,(anonymous_2)
FNDA:1,(anonymous_3)
FNDA:1,(anonymous_4)
DA:1,1
DA:2,1
DA:3,1
DA:4,1
DA:10,1
DA:11,4
DA:12,2
DA:13,2
DA:15,2
DA:16,1
DA:18,1
DA:19,1
DA:20,1
DA:24,1
DA:28,2
DA:29,1
DA:32,2
LF:17
LH:17
BRDA:18,0,0,1
BRF:1
BRH:1
end_of_record
TN:
SF:src/app/components/header/SearchComponent.tsx
FN:10,(anonymous_6)
FN:16,(anonymous_7)
FN:20,(anonymous_8)
FN:25,(anonymous_9)
FN:32,(anonymous_10)
FN:39,(anonymous_11)
FN:43,(anonymous_12)
FNF:7
FNH:5
FNDA:10,(anonymous_6)
FNDA:2,(anonymous_7)
FNDA:0,(anonymous_8)
FNDA:1,(anonymous_9)
FNDA:3,(anonymous_10)
FNDA:0,(anonymous_11)
FNDA:1,(anonymous_12)
DA:1,1
DA:2,1
DA:3,1
DA:4,1
DA:10,1
DA:11,10
DA:12,10
DA:13,10
DA:14,10
DA:16,10
DA:17,2
DA:20,10
DA:21,0
DA:22,0
DA:25,10
DA:26,1
DA:27,1
DA:28,1
DA:29,1
DA:32,10
DA:33,3
DA:34,3
DA:35,3
DA:36,3
DA:39,10
DA:40,0
DA:43,10
DA:44,1
DA:45,1
DA:49,10
LF:30
LH:27
BRDA:22,0,0,0
BRDA:22,0,1,0
BRDA:29,1,0,1
BRDA:29,1,1,0
BRDA:36,2,0,3
BRDA:36,2,1,0
BRDA:44,3,0,1
BRF:7
BRH:3
end_of_record
TN:
SF:src/app/components/result/ResultsComponent.tsx
FN:15,(anonymous_1)
FN:16,(anonymous_2)
FN:19,(anonymous_3)
FN:25,(anonymous_4)
FN:29,(anonymous_5)
FN:31,(anonymous_6)
FN:34,(anonymous_7)
FN:50,(anonymous_8)
FN:53,(anonymous_9)
FN:58,(anonymous_10)
FN:66,(anonymous_11)
FNF:11
FNH:6
FNDA:5,(anonymous_1)
FNDA:10,(anonymous_2)
FNDA:0,(anonymous_3)
FNDA:0,(anonymous_4)
FNDA:3,(anonymous_5)
FNDA:0,(anonymous_6)
FNDA:1,(anonymous_7)
FNDA:3,(anonymous_8)
FNDA:1,(anonymous_9)
FNDA:0,(anonymous_10)
FNDA:0,(anonymous_11)
DA:1,2
DA:2,2
DA:3,2
DA:4,2
DA:15,2
DA:16,10
DA:17,5
DA:19,5
DA:23,0
DA:24,0
DA:25,0
DA:26,0
DA:29,5
DA:30,3
DA:31,3
DA:34,5
DA:38,1
DA:39,1
DA:42,5
DA:44,4
DA:46,4
DA:51,3
DA:53,1
DA:58,0
DA:66,0
LF:25
LH:19
BRDA:24,0,0,0
BRDA:24,0,1,0
BRDA:25,1,0,0
BRDA:25,1,1,0
BRDA:26,2,0,0
BRDA:26,2,1,0
BRDA:30,3,0,3
BRDA:30,3,1,0
BRDA:31,4,0,0
BRDA:31,4,1,0
BRDA:38,5,0,0
BRDA:42,6,0,1
BRDA:49,7,0,4
BRDA:49,7,1,0
BRDA:50,8,0,2
BRDA:50,8,1,2
BRDA:63,9,0,3
BRDA:63,9,1,0
BRF:18
BRH:6
end_of_record
TN:
SF:src/app/csv/CsvCreate.tsx
FN:5,(anonymous_0)
FN:12,(anonymous_1)
FN:14,(anonymous_2)
FN:30,(anonymous_3)
FNF:4
FNH:4
FNDA:3,(anonymous_0)
FNDA:2,(anonymous_1)
FNDA:34,(anonymous_2)
FNDA:2,(anonymous_3)
DA:5,2
DA:6,3
DA:7,1
DA:10,2
DA:12,2
DA:14,2
DA:15,34
DA:16,34
DA:18,8
DA:19,26
DA:21,26
DA:23,0
DA:27,2
DA:30,2
DA:31,2
DA:32,2
LF:16
LH:15
BRDA:6,0,0,1
BRDA:16,1,0,8
BRDA:16,1,1,26
BRDA:19,2,0,26
BRDA:19,3,0,26
BRDA:19,3,1,26
BRF:6
BRH:6
end_of_record
TN:
SF:src/app/service/ItemService.tsx
FN:9,(anonymous_0)
FN:11,(anonymous_1)
FN:14,(anonymous_2)
FNF:3
FNH:3
FNDA:4,(anonymous_0)
FNDA:1,(anonymous_1)
FNDA:1,(anonymous_2)
DA:1,4
DA:6,4
DA:9,4
DA:11,1
DA:14,1
DA:19,4
LF:6
LH:6
BRDA:11,0,0,1
BRDA:11,0,1,0
BRF:2
BRH:1
end_of_record
TN:
SF:src/app/slices/ItemSlice.tsx
FN:18,(anonymous_0)
FN:21,(anonymous_1)
FN:23,(anonymous_2)
FN:27,(anonymous_3)
FNF:4
FNH:4
FNDA:5,(anonymous_0)
FNDA:3,(anonymous_1)
FNDA:3,(anonymous_2)
FNDA:2,(anonymous_3)
DA:1,4
DA:10,4
DA:14,4
DA:19,5
DA:22,3
DA:23,3
DA:24,3
DA:28,2
DA:33,4
DA:34,4
LF:10
LH:10
BRDA:22,0,0,2
BRDA:22,0,1,1
BRDA:24,1,0,2
BRDA:24,1,1,1
BRF:4
BRH:4
end_of_record
TN:
SF:src/app/store/Store.tsx
FN:10,(anonymous_1)
FNF:1
FNH:1
FNDA:1,(anonymous_1)
DA:1,1
DA:2,1
DA:3,1
DA:5,1
DA:11,1
LF:5
LH:5
BRF:0
BRH:0
end_of_record
TN:
SF:src/tests/helpers/setupApiStore.ts
FN:4,(anonymous_0)
FN:7,(anonymous_1)
FNF:2
FNH:2
FNDA:3,(anonymous_0)
FNDA:3,(anonymous_1)
DA:1,2
DA:2,2
DA:4,2
DA:5,3
DA:8,3
DA:11,3
LF:6
LH:6
BRF:0
BRH:0
end_of_record
