TN:
SF:src/app/components/DetailedComponent.tsx
FN:9,(anonymous_13)
FN:15,(anonymous_14)
FN:15,(anonymous_15)
FN:20,(anonymous_16)
FN:23,(anonymous_17)
FN:24,(anonymous_18)
FN:24,(anonymous_19)
FN:25,(anonymous_20)
FN:28,(anonymous_21)
FN:32,(anonymous_22)
FN:48,(anonymous_23)
FNF:11
FNH:11
FNDA:15,(anonymous_13)
FNDA:1,(anonymous_14)
FNDA:1,(anonymous_15)
FNDA:5,(anonymous_16)
FNDA:4,(anonymous_17)
FNDA:4,(anonymous_18)
FNDA:4,(anonymous_19)
FNDA:1,(anonymous_20)
FNDA:1,(anonymous_21)
FNDA:1,(anonymous_22)
FNDA:1,(anonymous_23)
DA:1,1
DA:2,1
DA:9,1
DA:10,15
DA:11,15
DA:12,15
DA:13,15
DA:15,15
DA:16,1
DA:17,1
DA:20,15
DA:21,5
DA:22,5
DA:23,4
DA:24,4
DA:25,4
DA:26,4
DA:28,1
DA:30,4
DA:33,1
DA:34,1
DA:38,15
DA:39,5
DA:42,10
DA:43,6
DA:46,4
DA:48,1
LF:27
LH:27
BRDA:38,0,0,5
BRDA:42,1,0,6
BRF:2
BRH:2
end_of_record
TN:
SF:src/app/components/ResultsComponent.tsx
FN:13,(anonymous_1)
FN:19,(anonymous_2)
FN:20,(anonymous_3)
FNF:3
FNH:3
FNDA:4,(anonymous_1)
FNDA:4,(anonymous_2)
FNDA:1,(anonymous_3)
DA:1,2
DA:13,2
DA:14,4
DA:20,4
LF:4
LH:4
BRDA:16,0,0,1
BRDA:16,0,1,3
BRDA:21,1,0,0
BRDA:21,1,1,4
BRF:4
BRH:3
end_of_record
TN:
SF:src/app/components/SearchComponent.tsx
FN:9,(anonymous_6)
FN:16,(anonymous_7)
FN:19,(anonymous_8)
FN:24,(anonymous_9)
FN:28,(anonymous_10)
FN:33,(anonymous_11)
FN:40,(anonymous_12)
FN:47,(anonymous_13)
FNF:8
FNH:7
FNDA:10,(anonymous_6)
FNDA:5,(anonymous_7)
FNDA:5,(anonymous_8)
FNDA:1,(anonymous_9)
FNDA:1,(anonymous_10)
FNDA:2,(anonymous_11)
FNDA:2,(anonymous_12)
FNDA:0,(anonymous_13)
DA:1,2
DA:2,2
DA:9,2
DA:10,10
DA:13,10
DA:14,10
DA:16,10
DA:17,5
DA:19,5
DA:20,5
DA:24,10
DA:25,1
DA:28,10
DA:29,1
DA:30,1
DA:33,10
DA:34,2
DA:35,2
DA:36,2
DA:37,2
DA:40,10
DA:41,2
DA:42,2
DA:43,2
DA:44,2
DA:47,10
DA:48,0
DA:51,10
LF:28
LH:27
BRDA:11,0,0,10
BRDA:11,0,1,5
BRDA:41,1,0,2
BRDA:41,1,1,0
BRF:4
BRH:3
end_of_record
